warning: source /home/mazuyer/RING/RINGMeshNew/doc/docx is not a readable file or directory... skipping.
/home/mazuyer/RING/RINGMeshNew/include/ringmesh/tetra_gen.h:54: warning: the name `ringmesh/tetragen.h' supplied as the second argument in the \file statement is not an input file
/home/mazuyer/RING/RINGMeshNew/tests/src/test_build_geomodel_from_mesh.cpp:54: warning: the name `Test' supplied as the second argument in the \file statement is not an input file
/home/mazuyer/RING/RINGMeshNew/tests/src/test_geomodel_tetrahedralize.cpp:54: warning: the name `Test' supplied as the second argument in the \file statement is not an input file
/home/mazuyer/RING/RINGMeshNew/src/third_party/geogram/src/lib/geogram/basic/common.h:94: warning: documentation for unknown define GEO_OS_LINUX found.

/home/mazuyer/RING/RINGMeshNew/src/third_party/geogram/src/lib/geogram/basic/common.h:97: warning: documentation for unknown define GEO_OS_UNIX found.

/home/mazuyer/RING/RINGMeshNew/src/third_party/geogram/src/lib/geogram/basic/common.h:100: warning: documentation for unknown define GEO_OS_WINDOWS found.

/home/mazuyer/RING/RINGMeshNew/src/third_party/geogram/src/lib/geogram/basic/common.h:103: warning: documentation for unknown define GEO_OS_APPLE found.

/home/mazuyer/RING/RINGMeshNew/src/third_party/geogram/src/lib/geogram/basic/common.h:106: warning: documentation for unknown define GEO_OS_ANDROID found.

/home/mazuyer/RING/RINGMeshNew/src/third_party/geogram/src/lib/geogram/basic/common.h:110: warning: documentation for unknown define GEO_OS_X11 found.

/home/mazuyer/RING/RINGMeshNew/src/third_party/geogram/src/lib/geogram/basic/common.h:113: warning: documentation for unknown define GEO_ARCH_32 found.

/home/mazuyer/RING/RINGMeshNew/src/third_party/geogram/src/lib/geogram/basic/common.h:116: warning: documentation for unknown define GEO_ARCH_64 found.

/home/mazuyer/RING/RINGMeshNew/src/third_party/geogram/src/lib/geogram/basic/common.h:119: warning: documentation for unknown define GEO_OPENMP found.

/home/mazuyer/RING/RINGMeshNew/src/third_party/geogram/src/lib/geogram/basic/common.h:122: warning: documentation for unknown define GEO_COMPILER_GCC found.

/home/mazuyer/RING/RINGMeshNew/src/third_party/geogram/src/lib/geogram/basic/common.h:125: warning: documentation for unknown define GEO_COMPILER_INTEL found.

/home/mazuyer/RING/RINGMeshNew/src/third_party/geogram/src/lib/geogram/basic/common.h:128: warning: documentation for unknown define GEO_COMPILER_MSVC found.

/home/mazuyer/RING/RINGMeshNew/src/third_party/geogram/src/lib/geogram/basic/memory.h:262: warning: documentation for unknown define geo_decl_aligned found.

/home/mazuyer/RING/RINGMeshNew/src/third_party/geogram/src/lib/geogram/basic/memory.h:285: warning: documentation for unknown define geo_assume_aligned found.

/home/mazuyer/RING/RINGMeshNew/src/third_party/geogram/src/lib/geogram/basic/memory.h:324: warning: documentation for unknown define geo_restrict found.

/home/mazuyer/RING/RINGMeshNew/src/third_party/geogram/src/lib/geogram/basic/process.h:63: warning: documentation for unknown define GEO_THREAD_LOCAL found.

/home/mazuyer/RING/RINGMeshNew/src/third_party/geogram/src/bin/fpg/Unused/Visitor_skeleton.cpp:2: warning: no uniquely matching class member found for 
  void::visit(AST::LiteralExpression *lexp)

/home/mazuyer/RING/RINGMeshNew/src/third_party/geogram/src/bin/fpg/Unused/Visitor_skeleton.cpp:7: warning: no uniquely matching class member found for 
  void::visit(AST::IdentifierExpression *iexp)

/home/mazuyer/RING/RINGMeshNew/src/third_party/geogram/src/bin/fpg/Unused/Visitor_skeleton.cpp:12: warning: no uniquely matching class member found for 
  void::visit(AST::UnaryExpression *uexp)

/home/mazuyer/RING/RINGMeshNew/src/third_party/geogram/src/bin/fpg/Unused/Visitor_skeleton.cpp:17: warning: no uniquely matching class member found for 
  void::visit(AST::BinaryExpression *bexp)

/home/mazuyer/RING/RINGMeshNew/src/third_party/geogram/src/bin/fpg/Unused/Visitor_skeleton.cpp:22: warning: no uniquely matching class member found for 
  void::visit(AST::ConditionalExpression *cexp)

/home/mazuyer/RING/RINGMeshNew/src/third_party/geogram/src/bin/fpg/Unused/Visitor_skeleton.cpp:27: warning: no uniquely matching class member found for 
  void::visit(AST::AssignmentExpression *aexp)

/home/mazuyer/RING/RINGMeshNew/src/third_party/geogram/src/bin/fpg/Unused/Visitor_skeleton.cpp:35: warning: no uniquely matching class member found for 
  void::visit(AST::FunctionCall *funcall)

/home/mazuyer/RING/RINGMeshNew/src/third_party/geogram/src/bin/fpg/Unused/Visitor_skeleton.cpp:61: warning: no uniquely matching class member found for 
  void::visit(AST::EmptyStatement *stmt)

/home/mazuyer/RING/RINGMeshNew/src/third_party/geogram/src/bin/fpg/Unused/Visitor_skeleton.cpp:66: warning: no uniquely matching class member found for 
  void::visit(AST::ExpressionStatement *estmt)

/home/mazuyer/RING/RINGMeshNew/src/third_party/geogram/src/bin/fpg/Unused/Visitor_skeleton.cpp:71: warning: no uniquely matching class member found for 
  void::visit(AST::ConditionalStatement *cstmt)

/home/mazuyer/RING/RINGMeshNew/src/third_party/geogram/src/bin/fpg/Unused/Visitor_skeleton.cpp:78: warning: no uniquely matching class member found for 
  void::visit(AST::Return *ret)

/home/mazuyer/RING/RINGMeshNew/src/third_party/geogram/src/bin/fpg/Unused/Visitor_skeleton.cpp:83: warning: no uniquely matching class member found for 
  void::visit(AST::StatementList *slist)

/home/mazuyer/RING/RINGMeshNew/src/third_party/geogram/src/bin/fpg/Unused/Visitor_skeleton.cpp:92: warning: no uniquely matching class member found for 
  void::visit(AST::VariableDeclaration *vardecl)

/home/mazuyer/RING/RINGMeshNew/src/third_party/geogram/src/bin/fpg/Unused/Visitor_skeleton.cpp:97: warning: no uniquely matching class member found for 
  void::visit(AST::CompoundStatement *compound)

/home/mazuyer/RING/RINGMeshNew/src/third_party/geogram/src/bin/fpg/Unused/Visitor_skeleton.cpp:102: warning: no uniquely matching class member found for 
  void::visit(AST::FunctionDefinition *fundef)

/home/mazuyer/RING/RINGMeshNew/src/third_party/geogram/src/bin/fpg/Unused/Visitor_skeleton.cpp:118: warning: no uniquely matching class member found for 
  void::visit(AST::TranslationUnit *tu)

/home/mazuyer/RING/RINGMeshNew/src/third_party/geogram/src/lib/geogram/basic/logger.cpp:68: warning: documented symbol `int GEO::LoggerStreamBuf::sync' was not declared or defined.
/home/mazuyer/RING/RINGMeshNew/src/third_party/geogram/src/lib/geogram/basic/logger.cpp:77: warning: documented symbol `GEO::LoggerStream::LoggerStream' was not declared or defined.
/home/mazuyer/RING/RINGMeshNew/src/third_party/geogram/src/lib/geogram/basic/logger.cpp:82: warning: documented symbol `GEO::LoggerStream::~LoggerStream' was not declared or defined.
/home/mazuyer/RING/RINGMeshNew/src/third_party/geogram/src/lib/geogram/basic/logger.cpp:87: warning: no uniquely matching class member found for 
  void GEO::LoggerStream::notify(const std::string &str)

/home/mazuyer/RING/RINGMeshNew/src/third_party/geogram/src/lib/geogram/basic/logger.cpp:93: warning: documented symbol `GEO::LoggerClient::~LoggerClient' was not declared or defined.
/home/mazuyer/RING/RINGMeshNew/src/third_party/geogram/src/lib/geogram/basic/logger.cpp:98: warning: documented symbol `GEO::ConsoleLogger::ConsoleLogger' was not declared or defined.
/home/mazuyer/RING/RINGMeshNew/src/third_party/geogram/src/lib/geogram/basic/logger.cpp:101: warning: documented symbol `GEO::ConsoleLogger::~ConsoleLogger' was not declared or defined.
/home/mazuyer/RING/RINGMeshNew/src/third_party/geogram/src/lib/geogram/basic/logger.cpp:104: warning: no uniquely matching class member found for 
  void GEO::ConsoleLogger::div(const std::string &title)

/home/mazuyer/RING/RINGMeshNew/src/third_party/geogram/src/lib/geogram/basic/logger.cpp:108: warning: no uniquely matching class member found for 
  void GEO::ConsoleLogger::out(const std::string &str)

/home/mazuyer/RING/RINGMeshNew/src/third_party/geogram/src/lib/geogram/basic/logger.cpp:112: warning: no matching file member found for 
void GEO::ConsoleLogger::warn(const std::string &str)
Possible candidates:
 'std::ostream & warn(const std::string &name)' at line 112 of file/home/mazuyer/RING/RINGMeshNew/src/third_party/geogram/src/lib/geogram/basic/psm.h

/home/mazuyer/RING/RINGMeshNew/src/third_party/geogram/src/lib/geogram/basic/logger.cpp:116: warning: no matching file member found for 
void GEO::ConsoleLogger::err(const std::string &str)
Possible candidates:
 'std::ostream & err(const std::string &name)' at line 108 of file/home/mazuyer/RING/RINGMeshNew/src/third_party/geogram/src/lib/geogram/basic/psm.h

/home/mazuyer/RING/RINGMeshNew/src/third_party/geogram/src/lib/geogram/basic/logger.cpp:120: warning: documented symbol `void GEO::ConsoleLogger::status' was not declared or defined.
/home/mazuyer/RING/RINGMeshNew/src/third_party/geogram/src/lib/geogram/basic/logger.cpp:126: warning: documented symbol `GEO::FileLogger::FileLogger' was not declared or defined.
/home/mazuyer/RING/RINGMeshNew/src/third_party/geogram/src/lib/geogram/basic/logger.cpp:130: warning: documented symbol `GEO::FileLogger::FileLogger' was not declared or defined.
/home/mazuyer/RING/RINGMeshNew/src/third_party/geogram/src/lib/geogram/basic/logger.cpp:136: warning: documented symbol `GEO::FileLogger::~FileLogger' was not declared or defined.
/home/mazuyer/RING/RINGMeshNew/src/third_party/geogram/src/lib/geogram/basic/logger.cpp:141: warning: documented symbol `void GEO::FileLogger::set_file_name' was not declared or defined.
/home/mazuyer/RING/RINGMeshNew/src/third_party/geogram/src/lib/geogram/basic/logger.cpp:152: warning: no uniquely matching class member found for 
  void GEO::FileLogger::div(const std::string &title)

/home/mazuyer/RING/RINGMeshNew/src/third_party/geogram/src/lib/geogram/basic/logger.cpp:160: warning: no uniquely matching class member found for 
  void GEO::FileLogger::out(const std::string &str)

/home/mazuyer/RING/RINGMeshNew/src/third_party/geogram/src/lib/geogram/basic/logger.cpp:166: warning: no matching file member found for 
void GEO::FileLogger::warn(const std::string &str)
Possible candidates:
 'std::ostream & warn(const std::string &name)' at line 112 of file/home/mazuyer/RING/RINGMeshNew/src/third_party/geogram/src/lib/geogram/basic/psm.h

/home/mazuyer/RING/RINGMeshNew/src/third_party/geogram/src/lib/geogram/basic/logger.cpp:172: warning: no matching file member found for 
void GEO::FileLogger::err(const std::string &str)
Possible candidates:
 'std::ostream & err(const std::string &name)' at line 108 of file/home/mazuyer/RING/RINGMeshNew/src/third_party/geogram/src/lib/geogram/basic/psm.h

/home/mazuyer/RING/RINGMeshNew/src/third_party/geogram/src/lib/geogram/basic/logger.cpp:178: warning: documented symbol `void GEO::FileLogger::status' was not declared or defined.
/home/mazuyer/RING/RINGMeshNew/src/third_party/geogram/src/lib/geogram/basic/logger.cpp:184: warning: documented symbol `SmartPointer< Logger > GEO::Logger::instance_' was not declared or defined.
/home/mazuyer/RING/RINGMeshNew/src/third_party/geogram/src/lib/geogram/basic/logger.cpp:186: warning: no matching file member found for 
void GEO::Logger::initialize()
Possible candidates:
 'void initialize()' at line 429 of file/home/mazuyer/RING/RINGMeshNew/src/third_party/geogram/src/lib/geogram/basic/command_line.cpp
 'void initialize()' at line 61 of file/home/mazuyer/RING/RINGMeshNew/src/third_party/geogram/src/lib/geogram/basic/common.cpp
 'void initialize()' at line 332 of file/home/mazuyer/RING/RINGMeshNew/src/third_party/geogram/src/lib/geogram/basic/process.cpp
 'void initialize()' at line 194 of file/home/mazuyer/RING/RINGMeshNew/src/third_party/geogram/src/lib/geogram/basic/progress.cpp
 'void initialize()' at line 1671 of file/home/mazuyer/RING/RINGMeshNew/src/third_party/geogram/src/lib/geogram/numerics/predicates.cpp
 'void initialize()' at line 54 of file/home/mazuyer/RING/RINGMeshNew/src/third_party/geogram/src/lib/geogram_gfx/basic/common.cpp

/home/mazuyer/RING/RINGMeshNew/src/third_party/geogram/src/lib/geogram/basic/logger.cpp:191: warning: no matching file member found for 
void GEO::Logger::terminate()
Possible candidates:
 'void terminate()' at line 434 of file/home/mazuyer/RING/RINGMeshNew/src/third_party/geogram/src/lib/geogram/basic/command_line.cpp
 'void terminate()' at line 92 of file/home/mazuyer/RING/RINGMeshNew/src/third_party/geogram/src/lib/geogram/basic/common.cpp
 'void terminate()' at line 403 of file/home/mazuyer/RING/RINGMeshNew/src/third_party/geogram/src/lib/geogram/basic/process.cpp
 'void terminate()' at line 198 of file/home/mazuyer/RING/RINGMeshNew/src/third_party/geogram/src/lib/geogram/basic/progress.cpp
 'void terminate()' at line 1675 of file/home/mazuyer/RING/RINGMeshNew/src/third_party/geogram/src/lib/geogram/numerics/predicates.cpp
 'void terminate()' at line 59 of file/home/mazuyer/RING/RINGMeshNew/src/third_party/geogram/src/lib/geogram_gfx/basic/common.cpp

/home/mazuyer/RING/RINGMeshNew/src/third_party/geogram/src/lib/geogram/basic/logger.cpp:195: warning: documented symbol `bool GEO::Logger::is_initialized' was not declared or defined.
/home/mazuyer/RING/RINGMeshNew/src/third_party/geogram/src/lib/geogram/basic/logger.cpp:199: warning: documented symbol `bool GEO::Logger::set_local_value' was not declared or defined.
/home/mazuyer/RING/RINGMeshNew/src/third_party/geogram/src/lib/geogram/basic/logger.cpp:256: warning: documented symbol `bool GEO::Logger::get_local_value' was not declared or defined.
/home/mazuyer/RING/RINGMeshNew/src/third_party/geogram/src/lib/geogram/basic/logger.cpp:315: warning: documented symbol `void GEO::Logger::register_client' was not declared or defined.
/home/mazuyer/RING/RINGMeshNew/src/third_party/geogram/src/lib/geogram/basic/logger.cpp:319: warning: documented symbol `void GEO::Logger::unregister_client' was not declared or defined.
/home/mazuyer/RING/RINGMeshNew/src/third_party/geogram/src/lib/geogram/basic/logger.cpp:324: warning: documented symbol `void GEO::Logger::unregister_all_clients' was not declared or defined.
/home/mazuyer/RING/RINGMeshNew/src/third_party/geogram/src/lib/geogram/basic/logger.cpp:328: warning: documented symbol `bool GEO::Logger::is_client' was not declared or defined.
/home/mazuyer/RING/RINGMeshNew/src/third_party/geogram/src/lib/geogram/basic/logger.cpp:332: warning: documented symbol `void GEO::Logger::set_quiet' was not declared or defined.
/home/mazuyer/RING/RINGMeshNew/src/third_party/geogram/src/lib/geogram/basic/logger.cpp:336: warning: documented symbol `void GEO::Logger::set_minimal' was not declared or defined.
/home/mazuyer/RING/RINGMeshNew/src/third_party/geogram/src/lib/geogram/basic/logger.cpp:340: warning: documented symbol `void GEO::Logger::set_pretty' was not declared or defined.
/home/mazuyer/RING/RINGMeshNew/src/third_party/geogram/src/lib/geogram/basic/logger.cpp:344: warning: documented symbol `GEO::Logger::Logger' was not declared or defined.
/home/mazuyer/RING/RINGMeshNew/src/third_party/geogram/src/lib/geogram/basic/logger.cpp:359: warning: documented symbol `GEO::Logger::~Logger' was not declared or defined.
/home/mazuyer/RING/RINGMeshNew/src/third_party/geogram/src/lib/geogram/basic/logger.cpp:362: warning: documented symbol `Logger * GEO::Logger::instance' was not declared or defined.
/home/mazuyer/RING/RINGMeshNew/src/third_party/geogram/src/lib/geogram/basic/logger.cpp:375: warning: documented symbol `std::ostream & GEO::Logger::div' was not declared or defined.
/home/mazuyer/RING/RINGMeshNew/src/third_party/geogram/src/lib/geogram/basic/logger.cpp:399: warning: documented symbol `std::ostream & GEO::Logger::status' was not declared or defined.
/home/mazuyer/RING/RINGMeshNew/src/third_party/geogram/src/lib/geogram/basic/logger.cpp:405: warning: documented symbol `std::ostream & GEO::Logger::div_stream' was not declared or defined.
/home/mazuyer/RING/RINGMeshNew/src/third_party/geogram/src/lib/geogram/basic/logger.cpp:418: warning: documented symbol `std::ostream & GEO::Logger::out_stream' was not declared or defined.
/home/mazuyer/RING/RINGMeshNew/src/third_party/geogram/src/lib/geogram/basic/logger.cpp:426: warning: documented symbol `std::ostream & GEO::Logger::err_stream' was not declared or defined.
/home/mazuyer/RING/RINGMeshNew/src/third_party/geogram/src/lib/geogram/basic/logger.cpp:434: warning: documented symbol `std::ostream & GEO::Logger::warn_stream' was not declared or defined.
/home/mazuyer/RING/RINGMeshNew/src/third_party/geogram/src/lib/geogram/basic/logger.cpp:442: warning: documented symbol `std::ostream & GEO::Logger::status_stream' was not declared or defined.
/home/mazuyer/RING/RINGMeshNew/src/third_party/geogram/src/lib/geogram/basic/logger.cpp:446: warning: documented symbol `void GEO::Logger::notify_out' was not declared or defined.
/home/mazuyer/RING/RINGMeshNew/src/third_party/geogram/src/lib/geogram/basic/logger.cpp:466: warning: documented symbol `void GEO::Logger::notify_warn' was not declared or defined.
/home/mazuyer/RING/RINGMeshNew/src/third_party/geogram/src/lib/geogram/basic/logger.cpp:481: warning: documented symbol `void GEO::Logger::notify_err' was not declared or defined.
/home/mazuyer/RING/RINGMeshNew/src/third_party/geogram/src/lib/geogram/basic/logger.cpp:496: warning: documented symbol `void GEO::Logger::notify_status' was not declared or defined.
/home/mazuyer/RING/RINGMeshNew/src/third_party/geogram/src/lib/geogram/basic/logger.cpp:505: warning: documented symbol `void GEO::Logger::notify' was not declared or defined.
/home/mazuyer/RING/RINGMeshNew/src/third_party/geogram/src/lib/geogram/delaunay/delaunay.h:670: warning: class `Delaunay' for related function `geo_register_Delaunay_creator' is not documented.
/home/mazuyer/RING/RINGMeshNew/src/third_party/geogram/src/lib/geogram/mesh/mesh_io.h:375: warning: class `MeshIOHandler' for related function `geo_register_MeshIOHandler_creator' is not documented.
/home/mazuyer/RING/RINGMeshNew/src/third_party/geogram/src/lib/geogram/numerics/optimizer.h:291: warning: class `Optimizer' for related function `geo_register_Optimizer_creator' is not documented.
/home/mazuyer/RING/RINGMeshNew/src/third_party/geogram/src/lib/geogram/points/nn_search.h:267: warning: class `NearestNeighborSearch' for related function `geo_register_NearestNeighborSearch_creator' is not documented.
/home/mazuyer/RING/RINGMeshNew/src/third_party/geogram/src/test/test_nn_search/third_party/ANN/kd_dump.cpp:186: warning: no matching class member found for 
  ANNkd_tree::ANNkd_tree(istream &in)
Possible candidates:
  ANNkd_tree::ANNkd_tree(int n=0, int dd=0, int bs=1)
  ANNkd_tree::ANNkd_tree(ANNpointArray pa, int n, int dd, int bs=1, ANNsplitRule split=ANN_KD_SUGGEST)
  ANNkd_tree::ANNkd_tree(std::istream &in)

/home/mazuyer/RING/RINGMeshNew/src/third_party/geogram/src/test/test_nn_search/third_party/ANN/kd_dump.cpp:215: warning: no matching class member found for 
  ANNbd_tree::ANNbd_tree(istream &in)
Possible candidates:
  ANNbd_tree::ANNbd_tree(int n, int dd, int bs=1)
  ANNbd_tree::ANNbd_tree(ANNpointArray pa, int n, int dd, int bs=1, ANNsplitRule split=ANN_KD_SUGGEST, ANNshrinkRule shrink=ANN_BD_SUGGEST)
  ANNbd_tree::ANNbd_tree(std::istream &in)

/home/mazuyer/RING/RINGMeshNew/include/ringmesh/geo_model_mesh.h:907: warning: Found unknown command `\detail'
/home/mazuyer/RING/RINGMeshNew/include/ringmesh/geo_model_mesh.h:183: warning: Found unknown command `\detail'
/home/mazuyer/RING/RINGMeshNew/include/ringmesh/geo_model_mesh.h:1079: warning: Found unknown command `\detail'
/home/mazuyer/RING/RINGMeshNew/src/third_party/geogram/src/lib/geogram/NL/nl.h:540: warning: unable to resolve reference to `BICGSTAB' for \ref command
/home/mazuyer/RING/RINGMeshNew/src/third_party/geogram/src/lib/geogram/NL/nl.h:541: warning: unable to resolve reference to `CG' for \ref command
/home/mazuyer/RING/RINGMeshNew/src/third_party/geogram/src/lib/geogram/NL/nl.h:935: warning: argument 'symbolic' of command @param is not found in the argument list of nlGetFunction(NLenum pname, NLfunc *param)
/home/mazuyer/RING/RINGMeshNew/src/third_party/geogram/src/lib/geogram/NL/nl.h:935: warning: The following parameters of nlGetFunction(NLenum pname, NLfunc *param) are not documented:
  parameter 'pname'
/home/mazuyer/RING/RINGMeshNew/src/third_party/geogram/src/lib/geogram/NL/nl.h:968: warning: argument 'i' of command @param is not found in the argument list of nlLockVariable(NLuint index)
/home/mazuyer/RING/RINGMeshNew/src/third_party/geogram/src/lib/geogram/NL/nl.h:968: warning: The following parameters of nlLockVariable(NLuint index) are not documented:
  parameter 'index'
/home/mazuyer/RING/RINGMeshNew/src/third_party/geogram/src/lib/geogram/NL/nl.h:925: warning: argument 'symbolic' of command @param is not found in the argument list of nlSetFunction(NLenum pname, NLfunc param)
/home/mazuyer/RING/RINGMeshNew/src/third_party/geogram/src/lib/geogram/NL/nl.h:925: warning: The following parameters of nlSetFunction(NLenum pname, NLfunc param) are not documented:
  parameter 'pname'
/home/mazuyer/RING/RINGMeshNew/src/third_party/geogram/src/lib/geogram/NL/nl.h:762: warning: unable to resolve reference to `NL_SSOR' for \ref command
/home/mazuyer/RING/RINGMeshNew/src/third_party/geogram/src/lib/geogram/NL/nl.h:980: warning: argument 'i' of command @param is not found in the argument list of nlUnlockVariable(NLuint index)
/home/mazuyer/RING/RINGMeshNew/src/third_party/geogram/src/lib/geogram/NL/nl.h:980: warning: The following parameters of nlUnlockVariable(NLuint index) are not documented:
  parameter 'index'
/home/mazuyer/RING/RINGMeshNew/src/third_party/geogram/src/lib/geogram/NL/nl.h:992: warning: argument 'i' of command @param is not found in the argument list of nlVariableIsLocked(NLuint index)
/home/mazuyer/RING/RINGMeshNew/src/third_party/geogram/src/lib/geogram/NL/nl.h:992: warning: The following parameters of nlVariableIsLocked(NLuint index) are not documented:
  parameter 'index'
/home/mazuyer/RING/RINGMeshNew/src/third_party/geogram/src/lib/geogram/NL/nl_context.h:364: warning: argument 'state' of command @param is not found in the argument list of nlTransition(NLenum from_state, NLenum to_state)
/home/mazuyer/RING/RINGMeshNew/src/third_party/geogram/src/lib/geogram/NL/nl_context.h:364: warning: The following parameters of nlTransition(NLenum from_state, NLenum to_state) are not documented:
  parameter 'from_state'
/home/mazuyer/RING/RINGMeshNew/src/third_party/geogram/src/lib/geogram/NL/nl_preconditioners.h:86: warning: Found unknown command `\leftarrow'
/home/mazuyer/RING/RINGMeshNew/src/third_party/geogram/src/lib/geogram/NL/nl_preconditioners.h:86: warning: Found unknown command `\omega'
/home/mazuyer/RING/RINGMeshNew/src/third_party/geogram/src/lib/geogram/NL/nl_preconditioners.h:86: warning: Found unknown command `\mbox'
/home/mazuyer/RING/RINGMeshNew/src/third_party/geogram/src/lib/geogram/NL/nl_preconditioners.h:97: warning: Found unknown command `\leftarrow'
/home/mazuyer/RING/RINGMeshNew/src/third_party/geogram/src/lib/geogram/NL/nl_preconditioners.h:97: warning: Found unknown command `\omega'
/home/mazuyer/RING/RINGMeshNew/src/third_party/geogram/src/lib/geogram/NL/nl_preconditioners.h:97: warning: Found unknown command `\mbox'
/home/mazuyer/RING/RINGMeshNew/src/third_party/geogram/src/lib/geogram/NL/nl_preconditioners.h:108: warning: Found unknown command `\leftarrow'
/home/mazuyer/RING/RINGMeshNew/src/third_party/geogram/src/lib/geogram/NL/nl_preconditioners.h:108: warning: Found unknown command `\omega'
/home/mazuyer/RING/RINGMeshNew/src/third_party/geogram/src/lib/geogram/NL/nl_preconditioners.h:108: warning: Found unknown command `\mbox'
/home/mazuyer/RING/RINGMeshNew/src/third_party/geogram/src/lib/geogram/NL/nl_preconditioners.h:122: warning: Found unknown command `\leftarrow'
/home/mazuyer/RING/RINGMeshNew/src/third_party/geogram/src/lib/geogram/NL/nl_preconditioners.h:122: warning: Found unknown command `\omega'
/home/mazuyer/RING/RINGMeshNew/src/third_party/geogram/src/lib/geogram/NL/nl_preconditioners.h:122: warning: Found unknown command `\mbox'
/home/mazuyer/RING/RINGMeshNew/src/third_party/geogram/src/lib/geogram/NL/nl_private.h:95: warning: argument 'double' of command @param is not found in the argument list of nl_range_assertion_failed(double x, double min_val, double max_val, const char *file, int line)
/home/mazuyer/RING/RINGMeshNew/src/third_party/geogram/src/lib/geogram/NL/nl_private.h:95: warning: argument 'double' of command @param is not found in the argument list of nl_range_assertion_failed(double x, double min_val, double max_val, const char *file, int line)
/home/mazuyer/RING/RINGMeshNew/src/third_party/geogram/src/lib/geogram/NL/nl_private.h:95: warning: argument 'double' of command @param is not found in the argument list of nl_range_assertion_failed(double x, double min_val, double max_val, const char *file, int line)
/home/mazuyer/RING/RINGMeshNew/src/third_party/geogram/src/lib/geogram/NL/nl_private.h:95: warning: The following parameters of nl_range_assertion_failed(double x, double min_val, double max_val, const char *file, int line) are not documented:
  parameter 'x'
  parameter 'min_val'
  parameter 'max_val'
/home/mazuyer/RING/RINGMeshNew/src/third_party/geogram/src/lib/geogram/numerics/expansion_nt.h:712: warning: argument 'os' of command @param is not found in the argument list of operator>>(std::istream &is, GEO::expansion_nt &a)
/home/mazuyer/RING/RINGMeshNew/src/third_party/geogram/src/lib/geogram/numerics/expansion_nt.h:712: warning: The following parameters of operator>>(std::istream &is, GEO::expansion_nt &a) are not documented:
  parameter 'is'
/home/mazuyer/RING/RINGMeshNew/src/third_party/geogram/src/lib/geogram/third_party/HLBFGS/Lite_Sparse_Matrix.h:104: warning: The following parameters of Lite_Sparse_Matrix::Lite_Sparse_Matrix(int m, int n, SYMMETRIC_STATE symmetric_state=NOSYM, SPARSE_STORAGE m_store=CCS, ARRAYTYPE atype=C_TYPE, bool save_diag=false) are not documented:
  parameter 'save_diag'
/home/mazuyer/RING/RINGMeshNew/src/third_party/geogram/src/lib/geogram/NL/nl_matrix.h:390: warning: Found unknown command `\leftarrow'
/home/mazuyer/RING/RINGMeshNew/src/third_party/geogram/src/lib/geogram/NL/nl_matrix.h:390: warning: Found unknown command `\mbox'
/home/mazuyer/RING/RINGMeshNew/src/third_party/geogram/src/lib/geogram/mesh/mesh_reorder.h:115: warning: argument 'i_begin' of command @param is not found in the argument list of GEO::compute_Hilbert_order(index_t nb_vertices, const double *vertices, vector< index_t > &sorted_indices, index_t first, index_t last, index_t stride=3)
/home/mazuyer/RING/RINGMeshNew/src/third_party/geogram/src/lib/geogram/mesh/mesh_reorder.h:115: warning: argument 'i_out' of command @param is not found in the argument list of GEO::compute_Hilbert_order(index_t nb_vertices, const double *vertices, vector< index_t > &sorted_indices, index_t first, index_t last, index_t stride=3)
/home/mazuyer/RING/RINGMeshNew/src/third_party/geogram/src/lib/geogram/mesh/mesh_reorder.h:115: warning: The following parameters of GEO::compute_Hilbert_order(index_t nb_vertices, const double *vertices, vector< index_t > &sorted_indices, index_t first, index_t last, index_t stride=3) are not documented:
  parameter 'first'
  parameter 'last'
/home/mazuyer/RING/RINGMeshNew/src/third_party/geogram/src/lib/geogram/mesh/mesh_sampling.h:274: warning: argument 'use_weights' of command @param is not found in the argument list of GEO::mesh_generate_random_samples_in_volume(const Mesh &mesh, double *p, index_t nb_points, Attribute< double > &vertex_weight, signed_index_t tets_begin_in=-1, signed_index_t tets_end_in=-1)
/home/mazuyer/RING/RINGMeshNew/src/third_party/geogram/src/lib/geogram/mesh/mesh_sampling.h:274: warning: The following parameters of GEO::mesh_generate_random_samples_in_volume(const Mesh &mesh, double *p, index_t nb_points, Attribute< double > &vertex_weight, signed_index_t tets_begin_in=-1, signed_index_t tets_end_in=-1) are not documented:
  parameter 'vertex_weight'
/home/mazuyer/RING/RINGMeshNew/src/third_party/geogram/src/lib/geogram/mesh/mesh_sampling.h:243: warning: argument 'weights' of command @param is not found in the argument list of GEO::mesh_tetra_mass(const Mesh &mesh, index_t t, const Attribute< double > &weight)
/home/mazuyer/RING/RINGMeshNew/src/third_party/geogram/src/lib/geogram/mesh/mesh_sampling.h:243: warning: The following parameters of GEO::mesh_tetra_mass(const Mesh &mesh, index_t t, const Attribute< double > &weight) are not documented:
  parameter 'weight'
/home/mazuyer/RING/RINGMeshNew/src/third_party/geogram/src/lib/geogram/mesh/mesh_tetrahedralize.h:63: warning: argument 'typically' of command @param is not found in the argument list of GEO::mesh_tetrahedralize(Mesh &M, bool preprocess=true, bool refine=false, double quality=2.0)
/home/mazuyer/RING/RINGMeshNew/src/third_party/geogram/src/lib/geogram/basic/attributes.h:736: warning: argument 'dim' of command @param is not found in the argument list of GEO::AttributeBase< T >::redim(index_t new_dim)
/home/mazuyer/RING/RINGMeshNew/src/third_party/geogram/src/lib/geogram/basic/attributes.h:736: warning: The following parameters of GEO::AttributeBase::redim(index_t new_dim) are not documented:
  parameter 'new_dim'
/home/mazuyer/RING/RINGMeshNew/src/third_party/geogram/src/lib/geogram/basic/attributes.h:532: warning: argument 'permutation_in' of command @param is not found in the argument list of GEO::AttributesManager::apply_permutation(const vector< index_t > &permutation)
/home/mazuyer/RING/RINGMeshNew/src/third_party/geogram/src/lib/geogram/basic/attributes.h:532: warning: The following parameters of GEO::AttributesManager::apply_permutation(const vector< index_t > &permutation) are not documented:
  parameter 'permutation'
/home/mazuyer/RING/RINGMeshNew/src/third_party/geogram/src/lib/geogram/basic/attributes.h:489: warning: argument 'the' of command @param is not found in the argument list of GEO::AttributesManager::bind_attribute_store(const std::string &name, AttributeStore *as)
/home/mazuyer/RING/RINGMeshNew/src/third_party/geogram/src/lib/geogram/basic/attributes.h:489: warning: The following parameters of GEO::AttributesManager::bind_attribute_store(const std::string &name, AttributeStore *as) are not documented:
  parameter 'name'
/home/mazuyer/RING/RINGMeshNew/src/third_party/geogram/src/lib/geogram/basic/attributes.h:465: warning: expected whitespace after ( command
/home/mazuyer/RING/RINGMeshNew/src/third_party/geogram/src/lib/geogram/basic/attributes.h:465: warning: argument 'in' of command @param is not found in the argument list of GEO::AttributesManager::resize(index_t new_size)
/home/mazuyer/RING/RINGMeshNew/src/third_party/geogram/src/lib/geogram/basic/attributes.h:465: warning: The following parameters of GEO::AttributesManager::resize(index_t new_size) are not documented:
  parameter 'new_size'
/home/mazuyer/RING/RINGMeshNew/src/third_party/geogram/src/lib/geogram/basic/attributes.h:227: warning: argument 'permutation_in' of command @param is not found in the argument list of GEO::AttributeStore::apply_permutation(const vector< index_t > &permutation)
/home/mazuyer/RING/RINGMeshNew/src/third_party/geogram/src/lib/geogram/basic/attributes.h:227: warning: The following parameters of GEO::AttributeStore::apply_permutation(const vector< index_t > &permutation) are not documented:
  parameter 'permutation'
/home/mazuyer/RING/RINGMeshNew/src/third_party/geogram/src/lib/geogram/delaunay/delaunay.h:517: warning: argument 'dim' of command @param is not found in the argument list of GEO::Delaunay::Delaunay(coord_index_t dimension)
/home/mazuyer/RING/RINGMeshNew/src/third_party/geogram/src/lib/geogram/delaunay/delaunay.h:517: warning: The following parameters of GEO::Delaunay::Delaunay(coord_index_t dimension) are not documented:
  parameter 'dimension'
/home/mazuyer/RING/RINGMeshNew/src/third_party/geogram/src/lib/geogram/delaunay/delaunay.h:249: warning: argument 'quality' of command @param is not found in the argument list of GEO::Delaunay::set_quality(double x)
/home/mazuyer/RING/RINGMeshNew/src/third_party/geogram/src/lib/geogram/delaunay/delaunay.h:249: warning: argument 'typically' of command @param is not found in the argument list of GEO::Delaunay::set_quality(double x)
/home/mazuyer/RING/RINGMeshNew/src/third_party/geogram/src/lib/geogram/delaunay/delaunay.h:249: warning: The following parameters of GEO::Delaunay::set_quality(double x) are not documented:
  parameter 'x'
/home/mazuyer/RING/RINGMeshNew/src/third_party/geogram/src/lib/geogram/delaunay/delaunay_3d.h:112: warning: argument 'dim' of command @param is not found in the argument list of GEO::Delaunay3d::Delaunay3d(coord_index_t dimension=3)
/home/mazuyer/RING/RINGMeshNew/src/third_party/geogram/src/lib/geogram/delaunay/delaunay_3d.h:117: warning: Found unknown command `\d'
/home/mazuyer/RING/RINGMeshNew/src/third_party/geogram/src/lib/geogram/delaunay/delaunay_3d.h:112: warning: The following parameters of GEO::Delaunay3d::Delaunay3d(coord_index_t dimension=3) are not documented:
  parameter 'dimension'
/home/mazuyer/RING/RINGMeshNew/src/third_party/geogram/src/lib/geogram/delaunay/delaunay_3d.h:216: warning: argument 'f_boundary' of command @param is not found in the argument list of GEO::Delaunay3d::find_conflict_zone(index_t v, index_t t, const Sign *orient, index_t &t_bndry, index_t &f_bndry, index_t &first, index_t &last)
/home/mazuyer/RING/RINGMeshNew/src/third_party/geogram/src/lib/geogram/delaunay/delaunay_3d.h:216: warning: The following parameters of GEO::Delaunay3d::find_conflict_zone(index_t v, index_t t, const Sign *orient, index_t &t_bndry, index_t &f_bndry, index_t &first, index_t &last) are not documented:
  parameter 'f_bndry'
/home/mazuyer/RING/RINGMeshNew/src/third_party/geogram/src/lib/geogram/delaunay/delaunay_3d.h:249: warning: argument 'f_boundary' of command @param is not found in the argument list of GEO::Delaunay3d::find_conflict_zone_recursive(const double *p, index_t t, index_t &t_bndry, index_t &f_bndry, index_t &first, index_t &last)
/home/mazuyer/RING/RINGMeshNew/src/third_party/geogram/src/lib/geogram/delaunay/delaunay_3d.h:249: warning: The following parameters of GEO::Delaunay3d::find_conflict_zone_recursive(const double *p, index_t t, index_t &t_bndry, index_t &f_bndry, index_t &first, index_t &last) are not documented:
  parameter 'f_bndry'
/home/mazuyer/RING/RINGMeshNew/src/third_party/geogram/src/lib/geogram/delaunay/delaunay_3d.h:690: warning: argument 't2' of command @param is not found in the argument list of GEO::Delaunay3d::find_tet_adjacent(index_t t1, index_t t2_in) const
/home/mazuyer/RING/RINGMeshNew/src/third_party/geogram/src/lib/geogram/delaunay/delaunay_3d.h:690: warning: The following parameters of GEO::Delaunay3d::find_tet_adjacent(index_t t1, index_t t2_in) const are not documented:
  parameter 't2_in'
/home/mazuyer/RING/RINGMeshNew/src/third_party/geogram/src/lib/geogram/delaunay/delaunay_3d.h:162: warning: The following parameters of GEO::Delaunay3d::locate(const double *p, index_t hint=NO_TETRAHEDRON, bool thread_safe=false, Sign *orient=nil) const are not documented:
  parameter 'hint'
/home/mazuyer/RING/RINGMeshNew/src/third_party/geogram/src/lib/geogram/delaunay/delaunay_3d.h:187: warning: The following parameters of GEO::Delaunay3d::locate_inexact(const double *p, index_t hint, index_t max_iter) const are not documented:
  parameter 'hint'
/home/mazuyer/RING/RINGMeshNew/src/third_party/geogram/src/lib/geogram/delaunay/delaunay_3d.h:375: warning: Found unknown command `\t'
/home/mazuyer/RING/RINGMeshNew/src/third_party/geogram/src/lib/geogram/numerics/expansion_nt.h:408: warning: expected whitespace after [ command
/home/mazuyer/RING/RINGMeshNew/src/third_party/geogram/src/lib/geogram/voronoi/integration_simplex.h:192: warning: argument 'spinlocks' of command @param is not found in the argument list of GEO::IntegrationSimplex::IntegrationSimplex(const Mesh &mesh, bool volumetric, index_t nb_frames, index_t nb_comp_per_frame, const double *frames)
/home/mazuyer/RING/RINGMeshNew/src/third_party/geogram/src/lib/geogram/voronoi/integration_simplex.h:117: warning: argument 'g_in' of command @param is not found in the argument list of GEO::IntegrationSimplex::set_points_and_gradient(coord_index_t dimension, index_t nb_points, const double *points, double *g, Process::SpinLockArray *spinlocks=nil)
/home/mazuyer/RING/RINGMeshNew/src/third_party/geogram/src/lib/geogram/voronoi/integration_simplex.h:117: warning: argument 'points_stride' of command @param is not found in the argument list of GEO::IntegrationSimplex::set_points_and_gradient(coord_index_t dimension, index_t nb_points, const double *points, double *g, Process::SpinLockArray *spinlocks=nil)
/home/mazuyer/RING/RINGMeshNew/src/third_party/geogram/src/lib/geogram/voronoi/integration_simplex.h:117: warning: The following parameters of GEO::IntegrationSimplex::set_points_and_gradient(coord_index_t dimension, index_t nb_points, const double *points, double *g, Process::SpinLockArray *spinlocks=nil) are not documented:
  parameter 'g'
/home/mazuyer/RING/RINGMeshNew/src/third_party/geogram/src/lib/geogram/mesh/mesh.h:2409: warning: argument 'keep_atributes' of command @param is not found in the argument list of GEO::Mesh::clear(bool keep_attributes=true, bool keep_memory=false)
/home/mazuyer/RING/RINGMeshNew/src/third_party/geogram/src/lib/geogram/mesh/mesh.h:2409: warning: The following parameters of GEO::Mesh::clear(bool keep_attributes=true, bool keep_memory=false) are not documented:
  parameter 'keep_attributes'
/home/mazuyer/RING/RINGMeshNew/src/third_party/geogram/src/lib/geogram/mesh/mesh.h:1582: warning: argument 'keep_atributes' of command @param is not found in the argument list of GEO::MeshCellCornersStore::clear_store(bool keep_attributes, bool keep_memory=false) inherited from member clear_store at line 112 in file /home/mazuyer/RING/RINGMeshNew/src/third_party/geogram/src/lib/geogram/mesh/mesh.h
/home/mazuyer/RING/RINGMeshNew/src/third_party/geogram/src/lib/geogram/mesh/mesh.h:1582: warning: The following parameters of GEO::MeshCellCornersStore::clear_store(bool keep_attributes, bool keep_memory=false) are not documented:
  parameter 'keep_attributes'
/home/mazuyer/RING/RINGMeshNew/src/third_party/geogram/src/lib/geogram/mesh/mesh.h:1655: warning: argument 'keep_atributes' of command @param is not found in the argument list of GEO::MeshCellFacetsStore::clear_store(bool keep_attributes, bool keep_memory=false) inherited from member clear_store at line 112 in file /home/mazuyer/RING/RINGMeshNew/src/third_party/geogram/src/lib/geogram/mesh/mesh.h
/home/mazuyer/RING/RINGMeshNew/src/third_party/geogram/src/lib/geogram/mesh/mesh.h:1655: warning: The following parameters of GEO::MeshCellFacetsStore::clear_store(bool keep_attributes, bool keep_memory=false) are not documented:
  parameter 'keep_attributes'
/home/mazuyer/RING/RINGMeshNew/src/third_party/geogram/src/lib/geogram/mesh/mesh.h:1796: warning: argument 'keep_atributes' of command @param is not found in the argument list of GEO::MeshCells::clear(bool keep_attributes=true, bool keep_memory=false) inherited from member clear at line 252 in file /home/mazuyer/RING/RINGMeshNew/src/third_party/geogram/src/lib/geogram/mesh/mesh.h
/home/mazuyer/RING/RINGMeshNew/src/third_party/geogram/src/lib/geogram/mesh/mesh.h:1796: warning: The following parameters of GEO::MeshCells::clear(bool keep_attributes=true, bool keep_memory=false) are not documented:
  parameter 'keep_attributes'
/home/mazuyer/RING/RINGMeshNew/src/third_party/geogram/src/lib/geogram/mesh/mesh.h:1883: warning: argument 'nb_prisms' of command @param is not found in the argument list of GEO::MeshCells::create_pyramids(index_t nb_pyramids)
/home/mazuyer/RING/RINGMeshNew/src/third_party/geogram/src/lib/geogram/mesh/mesh.h:1883: warning: The following parameters of GEO::MeshCells::create_pyramids(index_t nb_pyramids) are not documented:
  parameter 'nb_pyramids'
/home/mazuyer/RING/RINGMeshNew/src/third_party/geogram/src/lib/geogram/mesh/mesh.h:2293: warning: argument 'f1' of command @param is not found in the argument list of GEO::MeshCells::triangular_facet_matches_quad_facet(index_t c1, index_t lf1, index_t c2, index_t lf2) const
/home/mazuyer/RING/RINGMeshNew/src/third_party/geogram/src/lib/geogram/mesh/mesh.h:2293: warning: argument 'f2' of command @param is not found in the argument list of GEO::MeshCells::triangular_facet_matches_quad_facet(index_t c1, index_t lf1, index_t c2, index_t lf2) const
/home/mazuyer/RING/RINGMeshNew/src/third_party/geogram/src/lib/geogram/mesh/mesh.h:2293: warning: The following parameters of GEO::MeshCells::triangular_facet_matches_quad_facet(index_t c1, index_t lf1, index_t c2, index_t lf2) const are not documented:
  parameter 'lf1'
  parameter 'lf2'
/home/mazuyer/RING/RINGMeshNew/src/third_party/geogram/src/lib/geogram/mesh/mesh_AABB.h:400: warning: The following parameters of GEO::MeshCellsAABB::compute_bbox_cell_bbox_intersections(const Box &box_in, ACTION &action) const are not documented:
  parameter 'box_in'
/home/mazuyer/RING/RINGMeshNew/src/third_party/geogram/src/lib/geogram/mesh/mesh_AABB.h:423: warning: The following parameters of GEO::MeshCellsAABB::containing_boxes(const vec3 &p, ACTION &action) const are not documented:
  parameter 'p'
/home/mazuyer/RING/RINGMeshNew/src/third_party/geogram/src/lib/geogram/mesh/mesh.h:1473: warning: argument 'keep_atributes' of command @param is not found in the argument list of GEO::MeshCellsStore::clear_store(bool keep_attributes, bool keep_memory=false) inherited from member clear_store at line 112 in file /home/mazuyer/RING/RINGMeshNew/src/third_party/geogram/src/lib/geogram/mesh/mesh.h
/home/mazuyer/RING/RINGMeshNew/src/third_party/geogram/src/lib/geogram/mesh/mesh.h:1473: warning: The following parameters of GEO::MeshCellsStore::clear_store(bool keep_attributes, bool keep_memory=false) are not documented:
  parameter 'keep_attributes'
/home/mazuyer/RING/RINGMeshNew/src/third_party/geogram/src/lib/geogram/mesh/mesh.h:1397: warning: argument 'f' of command @param is not found in the argument list of GEO::MeshCellsStore::corners_end(index_t c) const
/home/mazuyer/RING/RINGMeshNew/src/third_party/geogram/src/lib/geogram/mesh/mesh.h:1397: warning: The following parameters of GEO::MeshCellsStore::corners_end(index_t c) const are not documented:
  parameter 'c'
/home/mazuyer/RING/RINGMeshNew/src/third_party/geogram/src/lib/geogram/mesh/mesh.h:677: warning: argument 'keep_atributes' of command @param is not found in the argument list of GEO::MeshEdges::clear(bool keep_attributes=true, bool keep_memory=false) inherited from member clear at line 252 in file /home/mazuyer/RING/RINGMeshNew/src/third_party/geogram/src/lib/geogram/mesh/mesh.h
/home/mazuyer/RING/RINGMeshNew/src/third_party/geogram/src/lib/geogram/mesh/mesh.h:677: warning: The following parameters of GEO::MeshEdges::clear(bool keep_attributes=true, bool keep_memory=false) are not documented:
  parameter 'keep_attributes'
/home/mazuyer/RING/RINGMeshNew/src/third_party/geogram/src/lib/geogram/mesh/mesh.h:684: warning: argument 'keep_atributes' of command @param is not found in the argument list of GEO::MeshEdges::clear_store(bool keep_attributes, bool keep_memory=false) inherited from member clear_store at line 112 in file /home/mazuyer/RING/RINGMeshNew/src/third_party/geogram/src/lib/geogram/mesh/mesh.h
/home/mazuyer/RING/RINGMeshNew/src/third_party/geogram/src/lib/geogram/mesh/mesh.h:684: warning: The following parameters of GEO::MeshEdges::clear_store(bool keep_attributes, bool keep_memory=false) are not documented:
  parameter 'keep_attributes'
/home/mazuyer/RING/RINGMeshNew/src/third_party/geogram/src/lib/geogram/mesh/mesh.h:252: warning: argument 'keep_atributes' of command @param is not found in the argument list of GEO::MeshElements::clear(bool keep_attributes=true, bool keep_memory=false)=0
/home/mazuyer/RING/RINGMeshNew/src/third_party/geogram/src/lib/geogram/mesh/mesh.h:252: warning: The following parameters of GEO::MeshElements::clear(bool keep_attributes=true, bool keep_memory=false)=0 are not documented:
  parameter 'keep_attributes'
/home/mazuyer/RING/RINGMeshNew/src/third_party/geogram/src/lib/geogram/mesh/mesh.h:907: warning: argument 'keep_atributes' of command @param is not found in the argument list of GEO::MeshFacetCornersStore::clear_store(bool keep_attributes, bool keep_memory=false) inherited from member clear_store at line 112 in file /home/mazuyer/RING/RINGMeshNew/src/third_party/geogram/src/lib/geogram/mesh/mesh.h
/home/mazuyer/RING/RINGMeshNew/src/third_party/geogram/src/lib/geogram/mesh/mesh.h:907: warning: The following parameters of GEO::MeshFacetCornersStore::clear_store(bool keep_attributes, bool keep_memory=false) are not documented:
  parameter 'keep_attributes'
/home/mazuyer/RING/RINGMeshNew/src/third_party/geogram/src/lib/geogram/mesh/mesh.h:1048: warning: argument 'keep_atributes' of command @param is not found in the argument list of GEO::MeshFacets::clear(bool keep_attributes=true, bool keep_memory=false) inherited from member clear at line 252 in file /home/mazuyer/RING/RINGMeshNew/src/third_party/geogram/src/lib/geogram/mesh/mesh.h
/home/mazuyer/RING/RINGMeshNew/src/third_party/geogram/src/lib/geogram/mesh/mesh.h:1048: warning: The following parameters of GEO::MeshFacets::clear(bool keep_attributes=true, bool keep_memory=false) are not documented:
  parameter 'keep_attributes'
/home/mazuyer/RING/RINGMeshNew/src/third_party/geogram/src/lib/geogram/mesh/mesh.h:1005: warning: argument 'specifies' of command @param is not found in the argument list of GEO::MeshFacets::set_adjacent(index_t f, index_t le, index_t f2)
/home/mazuyer/RING/RINGMeshNew/src/third_party/geogram/src/lib/geogram/mesh/mesh.h:1005: warning: The following parameters of GEO::MeshFacets::set_adjacent(index_t f, index_t le, index_t f2) are not documented:
  parameter 'f2'
/home/mazuyer/RING/RINGMeshNew/src/third_party/geogram/src/lib/geogram/mesh/mesh_AABB.h:197: warning: The following parameters of GEO::MeshFacetsAABB::bbox_intersect_recursive(ACTION &action, const Box &box, index_t node, index_t b, index_t e) const are not documented:
  parameter 'box'
/home/mazuyer/RING/RINGMeshNew/src/third_party/geogram/src/lib/geogram/mesh/mesh_AABB.h:105: warning: The following parameters of GEO::MeshFacetsAABB::compute_bbox_facet_bbox_intersections(const Box &box_in, ACTION &action) const are not documented:
  parameter 'box_in'
/home/mazuyer/RING/RINGMeshNew/src/third_party/geogram/src/lib/geogram/mesh/mesh.h:777: warning: argument 'keep_atributes' of command @param is not found in the argument list of GEO::MeshFacetsStore::clear_store(bool keep_attributes, bool keep_memory=false) inherited from member clear_store at line 112 in file /home/mazuyer/RING/RINGMeshNew/src/third_party/geogram/src/lib/geogram/mesh/mesh.h
/home/mazuyer/RING/RINGMeshNew/src/third_party/geogram/src/lib/geogram/mesh/mesh.h:777: warning: The following parameters of GEO::MeshFacetsStore::clear_store(bool keep_attributes, bool keep_memory=false) are not documented:
  parameter 'keep_attributes'
/home/mazuyer/RING/RINGMeshNew/src/third_party/geogram/src/lib/geogram_gfx/mesh/mesh_gfx_private.h:835: warning: argument 'mode' of command @param is not found in the argument list of GEO::MeshGfxImpl::draw_mesh_cells_as_opengl_points(MeshCellType cell_type)
/home/mazuyer/RING/RINGMeshNew/src/third_party/geogram/src/lib/geogram_gfx/mesh/mesh_gfx_private.h:756: warning: argument 'f' of command @param is not found in the argument list of GEO::MeshGfxImpl::glMeshCellFacetNormal(index_t c, index_t lf)
/home/mazuyer/RING/RINGMeshNew/src/third_party/geogram/src/lib/geogram_gfx/mesh/mesh_gfx_private.h:756: warning: The following parameters of GEO::MeshGfxImpl::glMeshCellFacetNormal(index_t c, index_t lf) are not documented:
  parameter 'c'
  parameter 'lf'
/home/mazuyer/RING/RINGMeshNew/src/third_party/geogram/src/lib/geogram_gfx/mesh/mesh_gfx_private.h:681: warning: argument 'M' of command @param is not found in the argument list of GEO::MeshGfxImpl::glMeshVertex(index_t v)
/home/mazuyer/RING/RINGMeshNew/src/third_party/geogram/src/lib/geogram/mesh/mesh.h:112: warning: argument 'keep_atributes' of command @param is not found in the argument list of GEO::MeshSubElementsStore::clear_store(bool keep_attributes, bool keep_memory=false)
/home/mazuyer/RING/RINGMeshNew/src/third_party/geogram/src/lib/geogram/mesh/mesh.h:112: warning: The following parameters of GEO::MeshSubElementsStore::clear_store(bool keep_attributes, bool keep_memory=false) are not documented:
  parameter 'keep_attributes'
/home/mazuyer/RING/RINGMeshNew/src/third_party/geogram/src/lib/geogram/mesh/mesh.h:345: warning: argument 'keep_atributes' of command @param is not found in the argument list of GEO::MeshVertices::clear(bool keep_attributes=true, bool keep_memory=false) inherited from member clear at line 252 in file /home/mazuyer/RING/RINGMeshNew/src/third_party/geogram/src/lib/geogram/mesh/mesh.h
/home/mazuyer/RING/RINGMeshNew/src/third_party/geogram/src/lib/geogram/mesh/mesh.h:345: warning: The following parameters of GEO::MeshVertices::clear(bool keep_attributes=true, bool keep_memory=false) are not documented:
  parameter 'keep_attributes'
/home/mazuyer/RING/RINGMeshNew/src/third_party/geogram/src/lib/geogram/mesh/mesh.h:524: warning: argument 'keep_atributes' of command @param is not found in the argument list of GEO::MeshVertices::clear_store(bool keep_attributes, bool keep_memory=false) inherited from member clear_store at line 112 in file /home/mazuyer/RING/RINGMeshNew/src/third_party/geogram/src/lib/geogram/mesh/mesh.h
/home/mazuyer/RING/RINGMeshNew/src/third_party/geogram/src/lib/geogram/mesh/mesh.h:524: warning: The following parameters of GEO::MeshVertices::clear_store(bool keep_attributes, bool keep_memory=false) are not documented:
  parameter 'keep_attributes'
/home/mazuyer/RING/RINGMeshNew/src/third_party/geogram/src/lib/geogram/delaunay/delaunay_3d.h:1039: warning: Found unknown command `\d'
/home/mazuyer/RING/RINGMeshNew/src/third_party/geogram/src/lib/geogram/delaunay/delaunay_3d.h:1049: warning: argument 'dim' of command @param is not found in the argument list of GEO::RegularWeightedDelaunay3d::RegularWeightedDelaunay3d(coord_index_t dimension=4)
/home/mazuyer/RING/RINGMeshNew/src/third_party/geogram/src/lib/geogram/delaunay/delaunay_3d.h:1049: warning: The following parameters of GEO::RegularWeightedDelaunay3d::RegularWeightedDelaunay3d(coord_index_t dimension=4) are not documented:
  parameter 'dimension'
/home/mazuyer/RING/RINGMeshNew/src/third_party/geogram/src/lib/geogram/basic/geometry_nd.h:438: warning: argument 'closest_point' of command @param is not found in the argument list of GEO::Geom::point_segment_squared_distance(const VEC &point, const VEC &V0, const VEC &V1)
/home/mazuyer/RING/RINGMeshNew/src/third_party/geogram/src/lib/geogram/basic/geometry_nd.h:438: warning: argument 'lambda0' of command @param is not found in the argument list of GEO::Geom::point_segment_squared_distance(const VEC &point, const VEC &V0, const VEC &V1)
/home/mazuyer/RING/RINGMeshNew/src/third_party/geogram/src/lib/geogram/basic/geometry_nd.h:438: warning: argument 'lambda1' of command @param is not found in the argument list of GEO::Geom::point_segment_squared_distance(const VEC &point, const VEC &V0, const VEC &V1)
/home/mazuyer/RING/RINGMeshNew/src/third_party/geogram/src/lib/geogram_gfx/basic/GLSL.h:158: warning: explicit link request to 'begin(SHADER_TYPE)' could not be resolved
/home/mazuyer/RING/RINGMeshNew/src/third_party/geogram/src/lib/geogram_gfx/basic/GLSL.h:158: warning: explicit link request to 'end(SHADER_TYPE)' could not be resolved
/home/mazuyer/RING/RINGMeshNew/src/third_party/geogram/src/lib/geogram_gfx/basic/GLSL.h:257: warning: expected whitespace after ( command
/home/mazuyer/RING/RINGMeshNew/src/third_party/geogram/src/lib/geogram_gfx/basic/GLSL.h:254: warning: argument 'in' of command @param is not found in the argument list of GEO::GLSL::set_program_uniform_by_name(GLuint shader_id, const char *name, index_t count, float *values)
/home/mazuyer/RING/RINGMeshNew/src/third_party/geogram/src/lib/geogram_gfx/basic/GLSL.h:254: warning: The following parameters of GEO::GLSL::set_program_uniform_by_name(GLuint shader_id, const char *name, index_t count, float *values) are not documented:
  parameter 'count'
/home/mazuyer/RING/RINGMeshNew/src/third_party/geogram/src/lib/geogram/numerics/predicates.h:322: warning: expected whitespace after [ command
/home/mazuyer/RING/RINGMeshNew/src/third_party/geogram/src/lib/geogram/numerics/predicates.h:320: warning: argument 'in' of command @param is not found in the argument list of GEO::PCK::in_circle_3dlifted_SOS(const double *p0, const double *p1, const double *p2, const double *p3, double h0, double h1, double h2, double h3)
/home/mazuyer/RING/RINGMeshNew/src/third_party/geogram/src/lib/geogram/numerics/predicates.h:320: warning: The following parameters of GEO::PCK::in_circle_3dlifted_SOS(const double *p0, const double *p1, const double *p2, const double *p3, double h0, double h1, double h2, double h3) are not documented:
  parameter 'h0'
  parameter 'h1'
  parameter 'h2'
  parameter 'h3'
/home/mazuyer/RING/RINGMeshNew/src/third_party/geogram/src/lib/geogram/numerics/predicates.h:93: warning: The following parameters of GEO::PCK::side2_SOS(const double *p0, const double *p1, const double *p2, const double *q0, const double *q1, coord_index_t DIM) are not documented:
  parameter 'DIM'
/home/mazuyer/RING/RINGMeshNew/src/third_party/geogram/src/lib/geogram/numerics/predicates.h:119: warning: The following parameters of GEO::PCK::side3_SOS(const double *p0, const double *p1, const double *p2, const double *p3, const double *q0, const double *q1, const double *q2, coord_index_t DIM) are not documented:
  parameter 'DIM'
/home/mazuyer/RING/RINGMeshNew/src/third_party/geogram/src/lib/geogram/numerics/predicates.h:179: warning: The following parameters of GEO::PCK::side4_SOS(const double *p0, const double *p1, const double *p2, const double *p3, const double *p4, const double *q0, const double *q1, const double *q2, const double *q3, coord_index_t DIM) are not documented:
  parameter 'DIM'
/home/mazuyer/RING/RINGMeshNew/src/third_party/geogram/src/lib/geogram/basic/permutation.h:287: warning: argument 'inverse' of command @param is not found in the argument list of GEO::Permutation::invert(const vector< index_t > &permutation, vector< index_t > &invert)
/home/mazuyer/RING/RINGMeshNew/src/third_party/geogram/src/lib/geogram/basic/permutation.h:287: warning: The following parameters of GEO::Permutation::invert(const vector< index_t > &permutation, vector< index_t > &invert) are not documented:
  parameter 'invert'
/home/mazuyer/RING/RINGMeshNew/include/ringmesh/algorithm.h:56: warning: The following parameters of RINGMesh::find(const container &v, const T &t) are not documented:
  parameter 'v'
/home/mazuyer/RING/RINGMeshNew/src/ringmesh/io_geo_model_mesh.cpp:137: warning: expected whitespace after ] command
/home/mazuyer/RING/RINGMeshNew/src/ringmesh/io_geo_model_mesh.cpp:135: warning: argument 'out' of command @param is not found in the argument list of RINGMesh::geomodel_volume_load(const std::string &filename, GeoModel &model)
/home/mazuyer/RING/RINGMeshNew/src/ringmesh/io_geo_model_mesh.cpp:135: warning: The following parameters of RINGMesh::geomodel_volume_load(const std::string &filename, GeoModel &model) are not documented:
  parameter 'model'
/home/mazuyer/RING/RINGMeshNew/src/ringmesh/geogram_extension.cpp:546: warning: Found unknown command `\pasram'
/home/mazuyer/RING/RINGMeshNew/src/ringmesh/geogram_extension.cpp:545: warning: The following parameters of RINGMesh::mesh_cell_facet_normal(const GEO::Mesh &M, index_t c, index_t f) are not documented:
  parameter 'M'
/home/mazuyer/RING/RINGMeshNew/src/ringmesh/geogram_extension.cpp:736: warning: argument 'in' of command @param is not found in the argument list of RINGMesh::rotate_mesh(GEO::Mesh &mesh, const GEO::Matrix< float64, 4 > &rot_mat)
/home/mazuyer/RING/RINGMeshNew/src/ringmesh/geogram_extension.cpp:736: warning: argument 'out' of command @param is not found in the argument list of RINGMesh::rotate_mesh(GEO::Mesh &mesh, const GEO::Matrix< float64, 4 > &rot_mat)
/home/mazuyer/RING/RINGMeshNew/include/ringmesh/algorithm.h:194: warning: argument 'v' of command @param is not found in the argument list of RINGMesh::sort_unique(CONTAINER &container, const CMP &cmp)
/home/mazuyer/RING/RINGMeshNew/include/ringmesh/algorithm.h:194: warning: The following parameters of RINGMesh::sort_unique(CONTAINER &container, const CMP &cmp) are not documented:
  parameter 'container'
/home/mazuyer/RING/RINGMeshNew/include/ringmesh/algorithm.h:153: warning: argument 'input2unique' of command @param is not found in the argument list of RINGMesh::unique_values(const std::vector< T > &input, std::vector< index_t > &unique_value_index)
/home/mazuyer/RING/RINGMeshNew/include/ringmesh/algorithm.h:153: warning: The following parameters of RINGMesh::unique_values(const std::vector< T > &input, std::vector< index_t > &unique_value_index) are not documented:
  parameter 'unique_value_index'
/home/mazuyer/RING/RINGMeshNew/src/ringmesh/io_well_group.cpp:119: warning: expected whitespace after ] command
/home/mazuyer/RING/RINGMeshNew/src/ringmesh/io_well_group.cpp:117: warning: argument 'out' of command @param is not found in the argument list of RINGMesh::well_load(const std::string &filename, WellGroup &wells)
/home/mazuyer/RING/RINGMeshNew/src/ringmesh/io_well_group.cpp:117: warning: The following parameters of RINGMesh::well_load(const std::string &filename, WellGroup &wells) are not documented:
  parameter 'wells'
/home/mazuyer/RING/RINGMeshNew/src/ringmesh/geo_model_builder.cpp:1001: warning: argument 'unique_vertex' of command @param is not found in the argument list of RINGMesh::GeoModelBuilder::set_corner(index_t corner_id, index_t model_vertex_id)
/home/mazuyer/RING/RINGMeshNew/src/ringmesh/geo_model_builder.cpp:1001: warning: The following parameters of RINGMesh::GeoModelBuilder::set_corner(index_t corner_id, index_t model_vertex_id) are not documented:
  parameter 'model_vertex_id'
/home/mazuyer/RING/RINGMeshNew/src/ringmesh/geo_model_builder.cpp:846: warning: argument 'corner_id' of command @param is not found in the argument list of RINGMesh::GeoModelBuilder::set_element_vertex(const GME::gme_t &t, index_t v, const vec3 &point, bool update)
/home/mazuyer/RING/RINGMeshNew/src/ringmesh/geo_model_builder.cpp:846: warning: argument 'index' of command @param is not found in the argument list of RINGMesh::GeoModelBuilder::set_element_vertex(const GME::gme_t &t, index_t v, const vec3 &point, bool update)
/home/mazuyer/RING/RINGMeshNew/src/ringmesh/geo_model_builder.cpp:846: warning: The following parameters of RINGMesh::GeoModelBuilder::set_element_vertex(const GME::gme_t &t, index_t v, const vec3 &point, bool update) are not documented:
  parameter 't'
  parameter 'v'
/home/mazuyer/RING/RINGMeshNew/src/ringmesh/geo_model_builder.cpp:874: warning: argument 'index' of command @param is not found in the argument list of RINGMesh::GeoModelBuilder::set_element_vertex(const GME::gme_t &id, index_t v, index_t model_vertex)
/home/mazuyer/RING/RINGMeshNew/src/ringmesh/geo_model_builder.cpp:874: warning: The following parameters of RINGMesh::GeoModelBuilder::set_element_vertex(const GME::gme_t &id, index_t v, index_t model_vertex) are not documented:
  parameter 'v'
/home/mazuyer/RING/RINGMeshNew/src/ringmesh/geo_model_builder.cpp:896: warning: argument 'id' of command @param is not found in the argument list of RINGMesh::GeoModelBuilder::set_element_vertices(const GME::gme_t &element_id, const std::vector< vec3 > &points, bool clear)
/home/mazuyer/RING/RINGMeshNew/src/ringmesh/geo_model_builder.cpp:896: warning: The following parameters of RINGMesh::GeoModelBuilder::set_element_vertices(const GME::gme_t &element_id, const std::vector< vec3 > &points, bool clear) are not documented:
  parameter 'element_id'
/home/mazuyer/RING/RINGMeshNew/src/ringmesh/geo_model_builder.cpp:920: warning: argument 'id' of command @param is not found in the argument list of RINGMesh::GeoModelBuilder::set_element_vertices(const GME::gme_t &element_id, const std::vector< index_t > &model_vertices, bool clear)
/home/mazuyer/RING/RINGMeshNew/src/ringmesh/geo_model_builder.cpp:920: warning: The following parameters of RINGMesh::GeoModelBuilder::set_element_vertices(const GME::gme_t &element_id, const std::vector< index_t > &model_vertices, bool clear) are not documented:
  parameter 'element_id'
/home/mazuyer/RING/RINGMeshNew/src/ringmesh/geo_model_builder.cpp:955: warning: argument 'id' of command @param is not found in the argument list of RINGMesh::GeoModelBuilder::set_line(index_t line_id, const std::vector< vec3 > &vertices)
/home/mazuyer/RING/RINGMeshNew/src/ringmesh/geo_model_builder.cpp:955: warning: The following parameters of RINGMesh::GeoModelBuilder::set_line(index_t line_id, const std::vector< vec3 > &vertices) are not documented:
  parameter 'line_id'
/home/mazuyer/RING/RINGMeshNew/src/ringmesh/geo_model_builder.cpp:1014: warning: argument 'id' of command @param is not found in the argument list of RINGMesh::GeoModelBuilder::set_line(index_t line_id, const std::vector< index_t > &unique_vertices)
/home/mazuyer/RING/RINGMeshNew/src/ringmesh/geo_model_builder.cpp:1014: warning: The following parameters of RINGMesh::GeoModelBuilder::set_line(index_t line_id, const std::vector< index_t > &unique_vertices) are not documented:
  parameter 'line_id'
/home/mazuyer/RING/RINGMeshNew/src/ringmesh/geo_model_builder.cpp:2281: warning: argument 'ml_file_name' of command @param is not found in the argument list of RINGMesh::GeoModelBuilderGocad::load_file()
/home/mazuyer/RING/RINGMeshNew/src/ringmesh/geo_model_builder.cpp:2281: warning: argument 'ignore_file_borders' of command @param is not found in the argument list of RINGMesh::GeoModelBuilderGocad::load_file()
/home/mazuyer/RING/RINGMeshNew/include/ringmesh/geo_model_mesh.h:1079: warning: Found unknown command `\detail'
/home/mazuyer/RING/RINGMeshNew/include/ringmesh/geo_model_mesh.h:1079: warning: Found unknown command `\detail'
/home/mazuyer/RING/RINGMeshNew/include/ringmesh/geo_model_mesh.h:1104: warning: argument 'order' of command @param is not found in the argument list of RINGMesh::GeoModelMesh::set_order(index_t new_order)
/home/mazuyer/RING/RINGMeshNew/include/ringmesh/geo_model_mesh.h:1104: warning: The following parameters of RINGMesh::GeoModelMesh::set_order(index_t new_order) are not documented:
  parameter 'new_order'
/home/mazuyer/RING/RINGMeshNew/include/ringmesh/geo_model_mesh.h:907: warning: Found unknown command `\detail'
/home/mazuyer/RING/RINGMeshNew/include/ringmesh/geo_model_mesh.h:907: warning: Found unknown command `\detail'
/home/mazuyer/RING/RINGMeshNew/include/ringmesh/geo_model_mesh.h:183: warning: Found unknown command `\detail'
/home/mazuyer/RING/RINGMeshNew/include/ringmesh/geo_model_mesh.h:183: warning: Found unknown command `\detail'
/home/mazuyer/RING/RINGMeshNew/src/ringmesh/geo_model_element.cpp:1467: warning: argument 'f' of command @param is not found in the argument list of RINGMesh::Surface::facet_normal(index_t facet_index) const
/home/mazuyer/RING/RINGMeshNew/src/ringmesh/geo_model_element.cpp:1467: warning: The following parameters of RINGMesh::Surface::facet_normal(index_t facet_index) const are not documented:
  parameter 'facet_index'
/home/mazuyer/RING/RINGMeshNew/src/ringmesh/geogram_extension.cpp:84: warning: argument 'flags' of command @param is not found in the argument list of RINGMesh::TSurfMeshIOHandler::load(const std::string &filename, GEO::Mesh &mesh, const GEO::MeshIOFlags &flag=GEO::MeshIOFlags())
/home/mazuyer/RING/RINGMeshNew/src/ringmesh/geogram_extension.cpp:84: warning: The following parameters of RINGMesh::TSurfMeshIOHandler::load(const std::string &filename, GEO::Mesh &mesh, const GEO::MeshIOFlags &flag=GEO::MeshIOFlags()) are not documented:
  parameter 'flag'
